d:\repos\diligentengine\cmakefiles\generate.stamp
d:\repos\diligentengine\diligentcore\cmakefiles\generate.stamp
d:\repos\diligentengine\diligentcore\thirdparty\cmakefiles\generate.stamp
d:\repos\diligentengine\diligentcore\thirdparty\glew\cmakefiles\generate.stamp
d:\repos\diligentengine\diligentcore\thirdparty\spirv-tools\cmakefiles\generate.stamp
d:\repos\diligentengine\diligentcore\thirdparty\spirv-tools\external\cmakefiles\generate.stamp
d:\repos\diligentengine\diligentcore\thirdparty\spirv-tools\source\cmakefiles\generate.stamp
d:\repos\diligentengine\diligentcore\thirdparty\spirv-tools\source\opt\cmakefiles\generate.stamp
d:\repos\diligentengine\diligentcore\thirdparty\spirv-tools\source\reduce\cmakefiles\generate.stamp
d:\repos\diligentengine\diligentcore\thirdparty\spirv-tools\source\fuzz\cmakefiles\generate.stamp
d:\repos\diligentengine\diligentcore\thirdparty\spirv-tools\source\link\cmakefiles\generate.stamp
d:\repos\diligentengine\diligentcore\thirdparty\spirv-tools\source\lint\cmakefiles\generate.stamp
d:\repos\diligentengine\diligentcore\thirdparty\spirv-tools\source\diff\cmakefiles\generate.stamp
d:\repos\diligentengine\diligentcore\thirdparty\spirv-tools\tools\cmakefiles\generate.stamp
d:\repos\diligentengine\diligentcore\thirdparty\spirv-tools\tools\emacs\cmakefiles\generate.stamp
d:\repos\diligentengine\diligentcore\thirdparty\spirv-tools\test\cmakefiles\generate.stamp
d:\repos\diligentengine\diligentcore\thirdparty\spirv-tools\examples\cmakefiles\generate.stamp
d:\repos\diligentengine\diligentcore\thirdparty\spirv-tools\examples\cpp-interface\cmakefiles\generate.stamp
d:\repos\diligentengine\diligentcore\thirdparty\glslang\cmakefiles\generate.stamp
d:\repos\diligentengine\diligentcore\thirdparty\glslang\external\cmakefiles\generate.stamp
d:\repos\diligentengine\diligentcore\thirdparty\glslang\spirv\cmakefiles\generate.stamp
d:\repos\diligentengine\diligentcore\thirdparty\glslang\glslang\cmakefiles\generate.stamp
d:\repos\diligentengine\diligentcore\thirdparty\glslang\glslang\osdependent\windows\cmakefiles\generate.stamp
d:\repos\diligentengine\diligentcore\thirdparty\spirv-cross\cmakefiles\generate.stamp
d:\repos\diligentengine\diligentcore\thirdparty\volk\cmakefiles\generate.stamp
d:\repos\diligentengine\diligentcore\thirdparty\xxhash\cmake_unofficial\cmakefiles\generate.stamp
d:\repos\diligentengine\diligentcore\buildtools\cmakefiles\generate.stamp
d:\repos\diligentengine\diligentcore\buildtools\file2include\cmakefiles\generate.stamp
d:\repos\diligentengine\diligentcore\primitives\cmakefiles\generate.stamp
d:\repos\diligentengine\diligentcore\platforms\cmakefiles\generate.stamp
d:\repos\diligentengine\diligentcore\platforms\basic\cmakefiles\generate.stamp
d:\repos\diligentengine\diligentcore\platforms\win32\cmakefiles\generate.stamp
d:\repos\diligentengine\diligentcore\common\cmakefiles\generate.stamp
d:\repos\diligentengine\diligentcore\graphics\cmakefiles\generate.stamp
d:\repos\diligentengine\diligentcore\graphics\graphicsaccessories\cmakefiles\generate.stamp
d:\repos\diligentengine\diligentcore\graphics\graphicsengine\cmakefiles\generate.stamp
d:\repos\diligentengine\diligentcore\graphics\hlsl2glslconverterlib\cmakefiles\generate.stamp
d:\repos\diligentengine\diligentcore\graphics\shadertools\cmakefiles\generate.stamp
d:\repos\diligentengine\diligentcore\graphics\graphicsenginenextgenbase\cmakefiles\generate.stamp
d:\repos\diligentengine\diligentcore\graphics\graphicsengined3dbase\cmakefiles\generate.stamp
d:\repos\diligentengine\diligentcore\graphics\graphicsengined3d11\cmakefiles\generate.stamp
d:\repos\diligentengine\diligentcore\graphics\graphicsengined3d12\cmakefiles\generate.stamp
d:\repos\diligentengine\diligentcore\graphics\graphicsenginevulkan\cmakefiles\generate.stamp
d:\repos\diligentengine\diligentcore\graphics\graphicsengineopengl\cmakefiles\generate.stamp
d:\repos\diligentengine\diligentcore\graphics\archiver\cmakefiles\generate.stamp
d:\repos\diligentengine\diligentcore\graphics\graphicstools\cmakefiles\generate.stamp
d:\repos\diligentengine\diligentcore\tests\cmakefiles\generate.stamp
d:\repos\diligentengine\diligenttools\cmakefiles\generate.stamp
d:\repos\diligentengine\diligenttools\thirdparty\cmakefiles\generate.stamp
d:\repos\diligentengine\diligenttools\thirdparty\libjpeg-9e\cmakefiles\generate.stamp
d:\repos\diligentengine\diligenttools\thirdparty\libtiff\cmakefiles\generate.stamp
d:\repos\diligentengine\diligenttools\thirdparty\libpng\cmakefiles\generate.stamp
d:\repos\diligentengine\diligenttools\textureloader\cmakefiles\generate.stamp
d:\repos\diligentengine\diligenttools\assetloader\cmakefiles\generate.stamp
d:\repos\diligentengine\diligenttools\imgui\cmakefiles\generate.stamp
d:\repos\diligentengine\diligenttools\nativeapp\cmakefiles\generate.stamp
d:\repos\diligentengine\diligenttools\hlsl2glslconverter\cmakefiles\generate.stamp
d:\repos\diligentengine\diligenttools\renderstatenotation\cmakefiles\generate.stamp
d:\repos\diligentengine\diligenttools\renderstatepackager\cmakefiles\generate.stamp
d:\repos\diligentengine\diligenttools\tests\cmakefiles\generate.stamp
d:\repos\diligentengine\diligentfx\cmakefiles\generate.stamp
d:\repos\diligentengine\diligentfx\utilities\cmakefiles\generate.stamp
d:\repos\diligentengine\diligentfx\components\cmakefiles\generate.stamp
d:\repos\diligentengine\diligentfx\postprocess\cmakefiles\generate.stamp
d:\repos\diligentengine\diligentfx\postprocess\common\cmakefiles\generate.stamp
d:\repos\diligentengine\diligentfx\postprocess\epipolarlightscattering\cmakefiles\generate.stamp
d:\repos\diligentengine\diligentfx\postprocess\temporalantialiasing\cmakefiles\generate.stamp
d:\repos\diligentengine\diligentfx\postprocess\screenspacereflection\cmakefiles\generate.stamp
d:\repos\diligentengine\diligentfx\postprocess\screenspaceambientocclusion\cmakefiles\generate.stamp
d:\repos\diligentengine\diligentfx\postprocess\bloom\cmakefiles\generate.stamp
d:\repos\diligentengine\diligentfx\postprocess\depthoffield\cmakefiles\generate.stamp
d:\repos\diligentengine\diligentfx\postprocess\superresolution\cmakefiles\generate.stamp
d:\repos\diligentengine\diligentfx\pbr\cmakefiles\generate.stamp
d:\repos\diligentengine\diligentfx\tests\cmakefiles\generate.stamp
d:\repos\diligentengine\diligentsamples\cmakefiles\generate.stamp
d:\repos\diligentengine\diligentsamples\thirdparty\cmakefiles\generate.stamp
d:\repos\diligentengine\diligentsamples\thirdparty\glfw\cmakefiles\generate.stamp
d:\repos\diligentengine\diligentsamples\thirdparty\glfw\src\cmakefiles\generate.stamp
d:\repos\diligentengine\diligentsamples\samplebase\cmakefiles\generate.stamp
d:\repos\diligentengine\diligentsamples\samples\cmakefiles\generate.stamp
d:\repos\diligentengine\diligentsamples\samples\atmosphere\cmakefiles\generate.stamp
d:\repos\diligentengine\diligentsamples\samples\gltfviewer\cmakefiles\generate.stamp
d:\repos\diligentengine\diligentsamples\samples\shadows\cmakefiles\generate.stamp
d:\repos\diligentengine\diligentsamples\samples\imguidemo\cmakefiles\generate.stamp
d:\repos\diligentengine\diligentsamples\samples\nukleardemo\cmakefiles\generate.stamp
d:\repos\diligentengine\diligentsamples\samples\glfwdemo\cmakefiles\generate.stamp
d:\repos\diligentengine\diligentsamples\samples\asteroids\cmakefiles\generate.stamp
d:\repos\diligentengine\diligentsamples\tutorials\cmakefiles\generate.stamp
d:\repos\diligentengine\diligentsamples\tutorials\tutorial00_hellowin32\cmakefiles\generate.stamp
d:\repos\diligentengine\diligentsamples\tutorials\tutorial01_hellotriangle\cmakefiles\generate.stamp
d:\repos\diligentengine\diligentsamples\tutorials\tutorial02_cube\cmakefiles\generate.stamp
d:\repos\diligentengine\diligentsamples\tutorials\tutorial03_texturing\cmakefiles\generate.stamp
d:\repos\diligentengine\diligentsamples\tutorials\tutorial03_texturing-c\cmakefiles\generate.stamp
d:\repos\diligentengine\diligentsamples\tutorials\tutorial03_texturing-dotnet\cmakefiles\generate.stamp
d:\repos\diligentengine\diligentsamples\tutorials\tutorial04_instancing\cmakefiles\generate.stamp
d:\repos\diligentengine\diligentsamples\tutorials\tutorial05_texturearray\cmakefiles\generate.stamp
d:\repos\diligentengine\diligentsamples\tutorials\tutorial06_multithreading\cmakefiles\generate.stamp
d:\repos\diligentengine\diligentsamples\tutorials\tutorial07_geometryshader\cmakefiles\generate.stamp
d:\repos\diligentengine\diligentsamples\tutorials\tutorial08_tessellation\cmakefiles\generate.stamp
d:\repos\diligentengine\diligentsamples\tutorials\tutorial09_quads\cmakefiles\generate.stamp
d:\repos\diligentengine\diligentsamples\tutorials\tutorial10_datastreaming\cmakefiles\generate.stamp
d:\repos\diligentengine\diligentsamples\tutorials\tutorial11_resourceupdates\cmakefiles\generate.stamp
d:\repos\diligentengine\diligentsamples\tutorials\tutorial12_rendertarget\cmakefiles\generate.stamp
d:\repos\diligentengine\diligentsamples\tutorials\tutorial13_shadowmap\cmakefiles\generate.stamp
d:\repos\diligentengine\diligentsamples\tutorials\tutorial14_computeshader\cmakefiles\generate.stamp
d:\repos\diligentengine\diligentsamples\tutorials\tutorial15_multiplewindows\cmakefiles\generate.stamp
d:\repos\diligentengine\diligentsamples\tutorials\tutorial16_bindlessresources\cmakefiles\generate.stamp
d:\repos\diligentengine\diligentsamples\tutorials\tutorial17_msaa\cmakefiles\generate.stamp
d:\repos\diligentengine\diligentsamples\tutorials\tutorial18_queries\cmakefiles\generate.stamp
d:\repos\diligentengine\diligentsamples\tutorials\tutorial19_renderpasses\cmakefiles\generate.stamp
d:\repos\diligentengine\diligentsamples\tutorials\tutorial20_meshshader\cmakefiles\generate.stamp
d:\repos\diligentengine\diligentsamples\tutorials\tutorial21_raytracing\cmakefiles\generate.stamp
d:\repos\diligentengine\diligentsamples\tutorials\tutorial22_hybridrendering\cmakefiles\generate.stamp
d:\repos\diligentengine\diligentsamples\tutorials\tutorial23_commandqueues\cmakefiles\generate.stamp
d:\repos\diligentengine\diligentsamples\tutorials\tutorial24_vrs\cmakefiles\generate.stamp
d:\repos\diligentengine\diligentsamples\tutorials\tutorial26_statecache\cmakefiles\generate.stamp
d:\repos\diligentengine\diligentsamples\tutorials\tutorial25_statepackager\cmakefiles\generate.stamp
d:\repos\diligentengine\diligentsamples\tutorials\tutorial27_postprocessing\cmakefiles\generate.stamp
d:\repos\diligentengine\diligentsamples\tutorials\tutorial29_oit\cmakefiles\generate.stamp
d:\repos\diligentengine\diligentsamples\unityplugin\cmakefiles\generate.stamp
d:\repos\diligentengine\diligentsamples\unityplugin\unityemulator\cmakefiles\generate.stamp
d:\repos\diligentengine\diligentsamples\unityplugin\ghostcubescene\cmakefiles\generate.stamp
d:\repos\diligentengine\diligentsamples\unityplugin\ghostcubeplugin\cmakefiles\generate.stamp
d:\repos\diligentengine\diligentsamples\unityplugin\ghostcubeplugin\pluginsource\cmakefiles\generate.stamp
d:\repos\diligentengine\x64\debug\zero_check\zero_check.tlog\custombuild.command.1.tlog
d:\repos\diligentengine\x64\debug\zero_check\zero_check.tlog\custombuild.read.1.tlog
d:\repos\diligentengine\x64\debug\zero_check\zero_check.tlog\custombuild.write.1.tlog
